-------------------------------------------------------------------------------
Test set: EmployeeTest
-------------------------------------------------------------------------------
Tests run: 1, Failures: 1, Errors: 0, Skipped: 0, Time elapsed: 0.071 s <<< FAILURE! - in EmployeeTest
testSalary  Time elapsed: 0.039 s  <<< FAILURE!
org.opentest4j.AssertionFailedError: expected: <1.0> but was: <0.0>
	at EmployeeTest.testSalary(EmployeeTest.java:16)

