<?xml version="1.0" encoding="UTF-8"?>
<testsuite xmlns:xsi="http://www.w3.org/2001/XMLSchema-instance" xsi:noNamespaceSchemaLocation="https://maven.apache.org/surefire/maven-surefire-plugin/xsd/surefire-test-report.xsd" name="EmployeeTest" time="0.071" tests="1" errors="0" skipped="0" failures="1">
  <properties>
[...]
</properties>
  <testcase name="testSalary" classname="EmployeeTest" time="0.039">
    <failure message="expected: &lt;1.0&gt; but was: &lt;0.0&gt;" type="org.opentest4j.AssertionFailedError"><![CDATA[org.opentest4j.AssertionFailedError: expected: <1.0> but was: <0.0>
	at EmployeeTest.testSalary(EmployeeTest.java:16)
]]></failure>
    <system-out><![CDATA[>> start up method()
>> start up method() - 2
]]></system-out>
  </testcase>
</testsuite>